[debug] [2021-02-11T20:54:47.522Z] ----------------------------------------------------------------------
[debug] [2021-02-11T20:54:47.524Z] Command:       C:\Program Files\nodejs\node.exe C:\Users\Chompy\AppData\Roaming\npm\node_modules\firebase-tools\lib\bin\firebase.js init
[debug] [2021-02-11T20:54:47.525Z] CLI Version:   9.3.0
[debug] [2021-02-11T20:54:47.525Z] Platform:      win32
[debug] [2021-02-11T20:54:47.525Z] Node Version:  v15.4.0
[debug] [2021-02-11T20:54:47.526Z] Time:          Thu Feb 11 2021 17:54:47 GMT-0300 (Brasilia Standard Time)
[debug] [2021-02-11T20:54:47.527Z] ----------------------------------------------------------------------
[debug] [2021-02-11T20:54:47.527Z] 
[debug] [2021-02-11T20:54:47.535Z] > command requires scopes: ["email","openid","https://www.googleapis.com/auth/cloudplatformprojects.readonly","https://www.googleapis.com/auth/firebase","https://www.googleapis.com/auth/cloud-platform"]
[debug] [2021-02-11T20:54:47.536Z] > authorizing via signed-in user
[info] 
     ######## #### ########  ######## ########     ###     ######  ########
     ##        ##  ##     ## ##       ##     ##  ##   ##  ##       ##
     ######    ##  ########  ######   ########  #########  ######  ######
     ##        ##  ##    ##  ##       ##     ## ##     ##       ## ##
     ##       #### ##     ## ######## ########  ##     ##  ######  ########

You're about to initialize a Firebase project in this directory:

  C:\Important Stuff\Important Stuff\React Projects\treinamento\treinamento-react-firebase

Before we get started, keep in mind:

  * You are currently outside your home directory

[info] 
=== Project Setup
[info] 
[info] First, let's associate this project directory with a Firebase project.
[info] You can create multiple project aliases by running firebase use --add, 
[info] but for now we'll just set up a default project.
[info] 
[info] i  If you want to create a project in a Google Cloud organization or folder, please use "firebase projects:create" instead, and return to this command when you've created the project. 
